<?xml version="1.0" encoding="UTF-8"?>
<testsuite xmlns:xsi="http://www.w3.org/2001/XMLSchema-instance" xsi:noNamespaceSchemaLocation="https://maven.apache.org/surefire/maven-surefire-plugin/xsd/surefire-test-report.xsd" name="TestSuite" time="22.565" tests="30" errors="0" skipped="0" failures="0">
  <properties>
    <property name="java.specification.version" value="13"/>
    <property name="sun.jnu.encoding" value="UTF-8"/>
    <property name="java.class.path" value="/Users/adrcaste/Modulo3_API_Testing/target/test-classes:/Users/adrcaste/Modulo3_API_Testing/target/classes:/Users/adrcaste/.m2/repository/org/codehaus/groovy/groovy-sql/3.0.3/groovy-sql-3.0.3.jar:/Users/adrcaste/.m2/repository/org/codehaus/groovy/groovy/3.0.3/groovy-3.0.3.jar:/Users/adrcaste/.m2/repository/io/rest-assured/rest-assured/4.2.0/rest-assured-4.2.0.jar:/Users/adrcaste/.m2/repository/org/codehaus/groovy/groovy-xml/2.5.8/groovy-xml-2.5.8.jar:/Users/adrcaste/.m2/repository/org/apache/httpcomponents/httpclient/4.5.3/httpclient-4.5.3.jar:/Users/adrcaste/.m2/repository/org/apache/httpcomponents/httpcore/4.4.6/httpcore-4.4.6.jar:/Users/adrcaste/.m2/repository/commons-logging/commons-logging/1.2/commons-logging-1.2.jar:/Users/adrcaste/.m2/repository/commons-codec/commons-codec/1.9/commons-codec-1.9.jar:/Users/adrcaste/.m2/repository/org/apache/httpcomponents/httpmime/4.5.3/httpmime-4.5.3.jar:/Users/adrcaste/.m2/repository/org/hamcrest/hamcrest/2.1/hamcrest-2.1.jar:/Users/adrcaste/.m2/repository/org/ccil/cowan/tagsoup/tagsoup/1.2.1/tagsoup-1.2.1.jar:/Users/adrcaste/.m2/repository/io/rest-assured/json-path/4.2.0/json-path-4.2.0.jar:/Users/adrcaste/.m2/repository/org/codehaus/groovy/groovy-json/2.5.8/groovy-json-2.5.8.jar:/Users/adrcaste/.m2/repository/io/rest-assured/rest-assured-common/4.2.0/rest-assured-common-4.2.0.jar:/Users/adrcaste/.m2/repository/io/rest-assured/xml-path/4.2.0/xml-path-4.2.0.jar:/Users/adrcaste/.m2/repository/org/apache/commons/commons-lang3/3.4/commons-lang3-3.4.jar:/Users/adrcaste/.m2/repository/jakarta/xml/bind/jakarta.xml.bind-api/2.3.2/jakarta.xml.bind-api-2.3.2.jar:/Users/adrcaste/.m2/repository/jakarta/activation/jakarta.activation-api/1.2.1/jakarta.activation-api-1.2.1.jar:/Users/adrcaste/.m2/repository/com/sun/xml/bind/jaxb-osgi/2.3.0.1/jaxb-osgi-2.3.0.1.jar:/Users/adrcaste/.m2/repository/org/apache/sling/org.apache.sling.javax.activation/0.1.0/org.apache.sling.javax.activation-0.1.0.jar:/Users/adrcaste/.m2/repository/javax/activation/activation/1.1.1/activation-1.1.1.jar:/Users/adrcaste/.m2/repository/org/testng/testng/6.14.3/testng-6.14.3.jar:/Users/adrcaste/.m2/repository/com/beust/jcommander/1.72/jcommander-1.72.jar:/Users/adrcaste/.m2/repository/org/apache-extras/beanshell/bsh/2.0b6/bsh-2.0b6.jar:/Users/adrcaste/.m2/repository/com/fasterxml/jackson/core/jackson-core/2.11.3/jackson-core-2.11.3.jar:/Users/adrcaste/.m2/repository/com/fasterxml/jackson/core/jackson-databind/2.6.0/jackson-databind-2.6.0.jar:/Users/adrcaste/.m2/repository/com/fasterxml/jackson/core/jackson-annotations/2.6.0/jackson-annotations-2.6.0.jar:/Users/adrcaste/.m2/repository/io/rest-assured/json-schema-validator/4.3.1/json-schema-validator-4.3.1.jar:/Users/adrcaste/.m2/repository/com/github/java-json-tools/json-schema-validator/2.2.10/json-schema-validator-2.2.10.jar:/Users/adrcaste/.m2/repository/com/github/java-json-tools/json-schema-core/1.2.10/json-schema-core-1.2.10.jar:/Users/adrcaste/.m2/repository/com/github/java-json-tools/jackson-coreutils/1.9/jackson-coreutils-1.9.jar:/Users/adrcaste/.m2/repository/com/google/guava/guava/16.0.1/guava-16.0.1.jar:/Users/adrcaste/.m2/repository/com/github/fge/msg-simple/1.1/msg-simple-1.1.jar:/Users/adrcaste/.m2/repository/com/github/fge/btf/1.2/btf-1.2.jar:/Users/adrcaste/.m2/repository/com/github/fge/uri-template/0.9/uri-template-0.9.jar:/Users/adrcaste/.m2/repository/org/mozilla/rhino/1.7.7.1/rhino-1.7.7.1.jar:/Users/adrcaste/.m2/repository/javax/mail/mailapi/1.4.3/mailapi-1.4.3.jar:/Users/adrcaste/.m2/repository/joda-time/joda-time/2.9.7/joda-time-2.9.7.jar:/Users/adrcaste/.m2/repository/com/googlecode/libphonenumber/libphonenumber/8.0.0/libphonenumber-8.0.0.jar:/Users/adrcaste/.m2/repository/com/google/code/findbugs/jsr305/3.0.1/jsr305-3.0.1.jar:/Users/adrcaste/.m2/repository/net/sf/jopt-simple/jopt-simple/5.0.3/jopt-simple-5.0.3.jar:/Users/adrcaste/.m2/repository/org/apache/maven/surefire/surefire-testng-utils/2.22.0/surefire-testng-utils-2.22.0.jar:/Users/adrcaste/.m2/repository/org/apache/maven/surefire/surefire-grouper/2.22.0/surefire-grouper-2.22.0.jar:"/>
    <property name="java.vm.vendor" value="Oracle Corporation"/>
    <property name="sun.arch.data.model" value="64"/>
    <property name="java.vendor.url" value="https://java.oracle.com/"/>
    <property name="os.name" value="Mac OS X"/>
    <property name="java.vm.specification.version" value="13"/>
    <property name="sun.java.launcher" value="SUN_STANDARD"/>
    <property name="user.country" value="CO"/>
    <property name="sun.boot.library.path" value="/Library/Java/JavaVirtualMachines/jdk-13.jdk/Contents/Home/lib"/>
    <property name="sun.java.command" value="/Users/adrcaste/Modulo3_API_Testing/target/surefire/surefirebooter3855193782129264712.jar /Users/adrcaste/Modulo3_API_Testing/target/surefire 2021-03-18T17-31-57_462-jvmRun1 surefire6823480088903944829tmp surefire_05972168605361270165tmp"/>
    <property name="jdk.debug" value="release"/>
    <property name="surefire.test.class.path" value="/Users/adrcaste/Modulo3_API_Testing/target/test-classes:/Users/adrcaste/Modulo3_API_Testing/target/classes:/Users/adrcaste/.m2/repository/org/codehaus/groovy/groovy-sql/3.0.3/groovy-sql-3.0.3.jar:/Users/adrcaste/.m2/repository/org/codehaus/groovy/groovy/3.0.3/groovy-3.0.3.jar:/Users/adrcaste/.m2/repository/io/rest-assured/rest-assured/4.2.0/rest-assured-4.2.0.jar:/Users/adrcaste/.m2/repository/org/codehaus/groovy/groovy-xml/2.5.8/groovy-xml-2.5.8.jar:/Users/adrcaste/.m2/repository/org/apache/httpcomponents/httpclient/4.5.3/httpclient-4.5.3.jar:/Users/adrcaste/.m2/repository/org/apache/httpcomponents/httpcore/4.4.6/httpcore-4.4.6.jar:/Users/adrcaste/.m2/repository/commons-logging/commons-logging/1.2/commons-logging-1.2.jar:/Users/adrcaste/.m2/repository/commons-codec/commons-codec/1.9/commons-codec-1.9.jar:/Users/adrcaste/.m2/repository/org/apache/httpcomponents/httpmime/4.5.3/httpmime-4.5.3.jar:/Users/adrcaste/.m2/repository/org/hamcrest/hamcrest/2.1/hamcrest-2.1.jar:/Users/adrcaste/.m2/repository/org/ccil/cowan/tagsoup/tagsoup/1.2.1/tagsoup-1.2.1.jar:/Users/adrcaste/.m2/repository/io/rest-assured/json-path/4.2.0/json-path-4.2.0.jar:/Users/adrcaste/.m2/repository/org/codehaus/groovy/groovy-json/2.5.8/groovy-json-2.5.8.jar:/Users/adrcaste/.m2/repository/io/rest-assured/rest-assured-common/4.2.0/rest-assured-common-4.2.0.jar:/Users/adrcaste/.m2/repository/io/rest-assured/xml-path/4.2.0/xml-path-4.2.0.jar:/Users/adrcaste/.m2/repository/org/apache/commons/commons-lang3/3.4/commons-lang3-3.4.jar:/Users/adrcaste/.m2/repository/jakarta/xml/bind/jakarta.xml.bind-api/2.3.2/jakarta.xml.bind-api-2.3.2.jar:/Users/adrcaste/.m2/repository/jakarta/activation/jakarta.activation-api/1.2.1/jakarta.activation-api-1.2.1.jar:/Users/adrcaste/.m2/repository/com/sun/xml/bind/jaxb-osgi/2.3.0.1/jaxb-osgi-2.3.0.1.jar:/Users/adrcaste/.m2/repository/org/apache/sling/org.apache.sling.javax.activation/0.1.0/org.apache.sling.javax.activation-0.1.0.jar:/Users/adrcaste/.m2/repository/javax/activation/activation/1.1.1/activation-1.1.1.jar:/Users/adrcaste/.m2/repository/org/testng/testng/6.14.3/testng-6.14.3.jar:/Users/adrcaste/.m2/repository/com/beust/jcommander/1.72/jcommander-1.72.jar:/Users/adrcaste/.m2/repository/org/apache-extras/beanshell/bsh/2.0b6/bsh-2.0b6.jar:/Users/adrcaste/.m2/repository/com/fasterxml/jackson/core/jackson-core/2.11.3/jackson-core-2.11.3.jar:/Users/adrcaste/.m2/repository/com/fasterxml/jackson/core/jackson-databind/2.6.0/jackson-databind-2.6.0.jar:/Users/adrcaste/.m2/repository/com/fasterxml/jackson/core/jackson-annotations/2.6.0/jackson-annotations-2.6.0.jar:/Users/adrcaste/.m2/repository/io/rest-assured/json-schema-validator/4.3.1/json-schema-validator-4.3.1.jar:/Users/adrcaste/.m2/repository/com/github/java-json-tools/json-schema-validator/2.2.10/json-schema-validator-2.2.10.jar:/Users/adrcaste/.m2/repository/com/github/java-json-tools/json-schema-core/1.2.10/json-schema-core-1.2.10.jar:/Users/adrcaste/.m2/repository/com/github/java-json-tools/jackson-coreutils/1.9/jackson-coreutils-1.9.jar:/Users/adrcaste/.m2/repository/com/google/guava/guava/16.0.1/guava-16.0.1.jar:/Users/adrcaste/.m2/repository/com/github/fge/msg-simple/1.1/msg-simple-1.1.jar:/Users/adrcaste/.m2/repository/com/github/fge/btf/1.2/btf-1.2.jar:/Users/adrcaste/.m2/repository/com/github/fge/uri-template/0.9/uri-template-0.9.jar:/Users/adrcaste/.m2/repository/org/mozilla/rhino/1.7.7.1/rhino-1.7.7.1.jar:/Users/adrcaste/.m2/repository/javax/mail/mailapi/1.4.3/mailapi-1.4.3.jar:/Users/adrcaste/.m2/repository/joda-time/joda-time/2.9.7/joda-time-2.9.7.jar:/Users/adrcaste/.m2/repository/com/googlecode/libphonenumber/libphonenumber/8.0.0/libphonenumber-8.0.0.jar:/Users/adrcaste/.m2/repository/com/google/code/findbugs/jsr305/3.0.1/jsr305-3.0.1.jar:/Users/adrcaste/.m2/repository/net/sf/jopt-simple/jopt-simple/5.0.3/jopt-simple-5.0.3.jar:/Users/adrcaste/.m2/repository/org/apache/maven/surefire/surefire-testng-utils/2.22.0/surefire-testng-utils-2.22.0.jar:/Users/adrcaste/.m2/repository/org/apache/maven/surefire/surefire-grouper/2.22.0/surefire-grouper-2.22.0.jar:"/>
    <property name="sun.cpu.endian" value="little"/>
    <property name="user.home" value="/Users/adrcaste"/>
    <property name="user.language" value="es"/>
    <property name="java.specification.vendor" value="Oracle Corporation"/>
    <property name="java.version.date" value="2019-09-17"/>
    <property name="java.home" value="/Library/Java/JavaVirtualMachines/jdk-13.jdk/Contents/Home"/>
    <property name="file.separator" value="/"/>
    <property name="basedir" value="/Users/adrcaste/Modulo3_API_Testing"/>
    <property name="java.vm.compressedOopsMode" value="Zero based"/>
    <property name="line.separator" value="&#10;"/>
    <property name="java.vm.specification.vendor" value="Oracle Corporation"/>
    <property name="java.specification.name" value="Java Platform API Specification"/>
    <property name="surefire.real.class.path" value="/Users/adrcaste/Modulo3_API_Testing/target/surefire/surefirebooter3855193782129264712.jar"/>
    <property name="sun.management.compiler" value="HotSpot 64-Bit Tiered Compilers"/>
    <property name="java.runtime.version" value="13+33"/>
    <property name="user.name" value="adrcaste"/>
    <property name="path.separator" value=":"/>
    <property name="os.version" value="10.14.6"/>
    <property name="java.runtime.name" value="Java(TM) SE Runtime Environment"/>
    <property name="file.encoding" value="US-ASCII"/>
    <property name="java.vm.name" value="Java HotSpot(TM) 64-Bit Server VM"/>
    <property name="localRepository" value="/Users/adrcaste/.m2/repository"/>
    <property name="java.vendor.url.bug" value="https://bugreport.java.com/bugreport/"/>
    <property name="java.io.tmpdir" value="/var/folders/6g/ry8b760s1v38503l1wrs3h80sz3s1c/T/"/>
    <property name="java.version" value="13"/>
    <property name="user.dir" value="/Users/adrcaste/Modulo3_API_Testing"/>
    <property name="os.arch" value="x86_64"/>
    <property name="java.vm.specification.name" value="Java Virtual Machine Specification"/>
    <property name="java.library.path" value="/Users/adrcaste/Library/Java/Extensions:/Library/Java/Extensions:/Network/Library/Java/Extensions:/System/Library/Java/Extensions:/usr/lib/java:."/>
    <property name="java.vm.info" value="mixed mode, sharing"/>
    <property name="java.vendor" value="Oracle Corporation"/>
    <property name="java.vm.version" value="13+33"/>
    <property name="sun.io.unicode.encoding" value="UnicodeBig"/>
    <property name="java.class.version" value="57.0"/>
  </properties>
  <testcase name="Test_Create_Post_Success" classname="PostTests" time="0.15"/>
  <testcase name="Test_Create_Comment" classname="CommentsTest" time="0.615"/>
  <testcase name="Test_Get_All_Post_Success" classname="PostTests" time="1.444"/>
  <testcase name="Test_Get_All_Comments" classname="CommentsTest" time="0.566"/>
  <testcase name="Test_Get_One_Comment" classname="CommentsTest" time="0.683"/>
  <testcase name="Test_Get_One_Post_Success" classname="PostTests" time="0"/>
  <testcase name="Test_Update_One_Comment" classname="CommentsTest" time="0.748"/>
  <testcase name="Test_Update_Post_Success" classname="PostTests" time="0.561"/>
  <testcase name="Test_Delete_One_Comment" classname="CommentsTest" time="0.124"/>
  <testcase name="Test_Create_Comment_MandatoryField_Fail" classname="CommentsTest" time="0.646"/>
  <testcase name="Test_Delete_Post_Success" classname="PostTests" time="0.537"/>
  <testcase name="Test_Get_All_Comments_Error" classname="CommentsTest" time="0.112"/>
  <testcase name="Test_Get_One_Comment_Doesnt_Exist" classname="CommentsTest" time="0.753"/>
  <testcase name="Test_Create_Post_MandatoryField_Fail" classname="PostTests" time="0.419"/>
  <testcase name="Test_Update_One_Comment_Doesnt_Exist" classname="CommentsTest" time="0.269"/>
  <testcase name="Test_Get_All_Post_Fail" classname="PostTests" time="0.294"/>
  <testcase name="Test_Delete_One_Comment_Error" classname="CommentsTest" time="0.368"/>
  <testcase name="Test_Create_Comment_NotValidAuth" classname="CommentsTest" time="0.652"/>
  <testcase name="Test_Get_One_Post_doesnt_exist" classname="PostTests" time="0.225"/>
  <testcase name="Test_Get_All_Comments_NotValidAuth" classname="CommentsTest" time="0.431"/>
  <testcase name="Test_Get_One_Comment_NotValidAuth" classname="CommentsTest" time="0.669"/>
  <testcase name="Test_Update_Post_doesnt_exist_Fail" classname="PostTests" time="0.238"/>
  <testcase name="Test_Update_One_Comment_NotValidAuth" classname="CommentsTest" time="0.48"/>
  <testcase name="Test_Delete_One_Comment_NotValidAuth" classname="CommentsTest" time="0.692"/>
  <testcase name="Test_Delete_Post_doesnt_Exist_Fail" classname="PostTests" time="0.883"/>
  <testcase name="Test_Create_Post_NotValidAuth" classname="PostTests" time="0.569"/>
  <testcase name="Test_Get_All_Post_NotValidAuth" classname="PostTests" time="0.63"/>
  <testcase name="Test_Get_One_Post_NotValidAuth" classname="PostTests" time="0.584"/>
  <testcase name="Test_Update_Post_NotValidAuth" classname="PostTests" time="0.574"/>
  <testcase name="Test_Delete_Post_NotValidAuth" classname="PostTests" time="0.587"/>
</testsuite>