<?xml version="1.0" encoding="UTF-8"?>
<!-- Generated by org.testng.reporters.JUnitReportReporter -->
<testsuite hostname="WKMCO1603690" failures="0" tests="15" name="CommentsTest" time="10.327" errors="0" timestamp="18 mar. 2021 22:32:20 GMT" skipped="0">
  <testcase classname="CommentsTest" name="Test_Create_Comment" time="0.767"/>
  <testcase classname="CommentsTest" name="Test_Get_All_Comments" time="0.657"/>
  <testcase classname="CommentsTest" name="Test_Get_One_Comment" time="0.675"/>
  <testcase classname="CommentsTest" name="Test_Update_One_Comment" time="0.756"/>
  <testcase classname="CommentsTest" name="Test_Delete_One_Comment" time="0.684"/>
  <testcase classname="CommentsTest" name="Test_Create_Comment_MandatoryField_Fail" time="0.647"/>
  <testcase classname="CommentsTest" name="Test_Get_All_Comments_Error" time="0.650"/>
  <testcase classname="CommentsTest" name="Test_Get_One_Comment_Doesnt_Exist" time="0.753"/>
  <testcase classname="CommentsTest" name="Test_Update_One_Comment_Doesnt_Exist" time="0.687"/>
  <testcase classname="CommentsTest" name="Test_Delete_One_Comment_Error" time="0.662"/>
  <testcase classname="CommentsTest" name="Test_Create_Comment_NotValidAuth" time="0.651"/>
  <testcase classname="CommentsTest" name="Test_Get_All_Comments_NotValidAuth" time="0.657"/>
  <testcase classname="CommentsTest" name="Test_Get_One_Comment_NotValidAuth" time="0.669"/>
  <testcase classname="CommentsTest" name="Test_Update_One_Comment_NotValidAuth" time="0.719"/>
  <testcase classname="CommentsTest" name="Test_Delete_One_Comment_NotValidAuth" time="0.693"/>
</testsuite> <!-- CommentsTest -->
